This file contains any messages produced by compilers while
running configure, to aid debugging if configure makes a mistake.

It was created by fuse_dfs configure 0.1.0, which was
generated by GNU Autoconf 2.59.  Invocation command line was

  $ ./configure 

## --------- ##
## Platform. ##
## --------- ##

hostname = centos-slave01.sf.cloudera.com
uname -m = x86_64
uname -r = 2.6.18-194.26.1.el5
uname -s = Linux
uname -v = #1 SMP Tue Nov 9 12:54:20 EST 2010

/usr/bin/uname -p = unknown
/bin/uname -X     = unknown

/bin/arch              = x86_64
/usr/bin/arch -k       = unknown
/usr/convex/getsysinfo = unknown
hostinfo               = unknown
/bin/machine           = unknown
/usr/bin/oslevel       = unknown
/bin/universe          = unknown

PATH: /opt/cloudera/toolchain/JDK6u20-64bit/bin
PATH: /opt/cloudera/toolchain/apache-maven-3.0.2/bin
PATH: /opt/cloudera/toolchain/Ant-1.8.1/bin
PATH: /usr/kerberos/bin
PATH: /usr/local/bin
PATH: /bin
PATH: /usr/bin


## ----------- ##
## Core tests. ##
## ----------- ##

configure:1367: checking build system type
configure:1385: result: x86_64-unknown-linux-gnu
configure:1393: checking host system type
configure:1407: result: x86_64-unknown-linux-gnu
configure:1415: checking target system type
configure:1429: result: x86_64-unknown-linux-gnu
configure:1457: checking for a BSD-compatible install
configure:1512: result: /usr/bin/install -c
configure:1523: checking whether build environment is sane
configure:1566: result: yes
configure:1631: checking for gawk
configure:1647: found /bin/gawk
configure:1657: result: gawk
configure:1667: checking whether make sets $(MAKE)
configure:1687: result: yes
configure:1717: checking for style of include used by make
configure:1745: result: GNU
configure:1966: checking for gcc
configure:1982: found /usr/bin/gcc
configure:1992: result: gcc
configure:2236: checking for C compiler version
configure:2239: gcc --version </dev/null >&5
gcc (GCC) 4.1.2 20080704 (Red Hat 4.1.2-50)
Copyright (C) 2006 Free Software Foundation, Inc.
This is free software; see the source for copying conditions.  There is NO
warranty; not even for MERCHANTABILITY or FITNESS FOR A PARTICULAR PURPOSE.

configure:2242: $? = 0
configure:2244: gcc -v </dev/null >&5
Using built-in specs.
Target: x86_64-redhat-linux
Configured with: ../configure --prefix=/usr --mandir=/usr/share/man --infodir=/usr/share/info --enable-shared --enable-threads=posix --enable-checking=release --with-system-zlib --enable-__cxa_atexit --disable-libunwind-exceptions --enable-libgcj-multifile --enable-languages=c,c++,objc,obj-c++,java,fortran,ada --enable-java-awt=gtk --disable-dssi --disable-plugin --with-java-home=/usr/lib/jvm/java-1.4.2-gcj-1.4.2.0/jre --with-cpu=generic --host=x86_64-redhat-linux
Thread model: posix
gcc version 4.1.2 20080704 (Red Hat 4.1.2-50)
configure:2247: $? = 0
configure:2249: gcc -V </dev/null >&5
gcc: '-V' option must have argument
configure:2252: $? = 1
configure:2275: checking for C compiler default output file name
configure:2278: gcc    conftest.c  >&5
configure:2281: $? = 0
configure:2327: result: a.out
configure:2332: checking whether the C compiler works
configure:2338: ./a.out
configure:2341: $? = 0
configure:2358: result: yes
configure:2365: checking whether we are cross compiling
configure:2367: result: no
configure:2370: checking for suffix of executables
configure:2372: gcc -o conftest    conftest.c  >&5
configure:2375: $? = 0
configure:2400: result: 
configure:2406: checking for suffix of object files
configure:2427: gcc -c   conftest.c >&5
configure:2430: $? = 0
configure:2452: result: o
configure:2456: checking whether we are using the GNU C compiler
configure:2480: gcc -c   conftest.c >&5
configure:2486: $? = 0
configure:2490: test -z 
			 || test ! -s conftest.err
configure:2493: $? = 0
configure:2496: test -s conftest.o
configure:2499: $? = 0
configure:2512: result: yes
configure:2518: checking whether gcc accepts -g
configure:2539: gcc -c -g  conftest.c >&5
configure:2545: $? = 0
configure:2549: test -z 
			 || test ! -s conftest.err
configure:2552: $? = 0
configure:2555: test -s conftest.o
configure:2558: $? = 0
configure:2569: result: yes
configure:2586: checking for gcc option to accept ANSI C
configure:2656: gcc  -c -g -O2  conftest.c >&5
configure:2662: $? = 0
configure:2666: test -z 
			 || test ! -s conftest.err
configure:2669: $? = 0
configure:2672: test -s conftest.o
configure:2675: $? = 0
configure:2693: result: none needed
configure:2711: gcc -c -g -O2  conftest.c >&5
conftest.c:2: error: expected '=', ',', ';', 'asm' or '__attribute__' before 'me'
configure:2717: $? = 1
configure: failed program was:
| #ifndef __cplusplus
|   choke me
| #endif
configure:2852: checking dependency style of gcc
configure:2942: result: gcc3
configure:3011: checking for g++
configure:3027: found /usr/bin/g++
configure:3037: result: g++
configure:3053: checking for C++ compiler version
configure:3056: g++ --version </dev/null >&5
g++ (GCC) 4.1.2 20080704 (Red Hat 4.1.2-50)
Copyright (C) 2006 Free Software Foundation, Inc.
This is free software; see the source for copying conditions.  There is NO
warranty; not even for MERCHANTABILITY or FITNESS FOR A PARTICULAR PURPOSE.

configure:3059: $? = 0
configure:3061: g++ -v </dev/null >&5
Using built-in specs.
Target: x86_64-redhat-linux
Configured with: ../configure --prefix=/usr --mandir=/usr/share/man --infodir=/usr/share/info --enable-shared --enable-threads=posix --enable-checking=release --with-system-zlib --enable-__cxa_atexit --disable-libunwind-exceptions --enable-libgcj-multifile --enable-languages=c,c++,objc,obj-c++,java,fortran,ada --enable-java-awt=gtk --disable-dssi --disable-plugin --with-java-home=/usr/lib/jvm/java-1.4.2-gcj-1.4.2.0/jre --with-cpu=generic --host=x86_64-redhat-linux
Thread model: posix
gcc version 4.1.2 20080704 (Red Hat 4.1.2-50)
configure:3064: $? = 0
configure:3066: g++ -V </dev/null >&5
g++: '-V' option must have argument
configure:3069: $? = 1
configure:3072: checking whether we are using the GNU C++ compiler
configure:3096: g++ -c   conftest.cc >&5
configure:3102: $? = 0
configure:3106: test -z 
			 || test ! -s conftest.err
configure:3109: $? = 0
configure:3112: test -s conftest.o
configure:3115: $? = 0
configure:3128: result: yes
configure:3134: checking whether g++ accepts -g
configure:3155: g++ -c -g  conftest.cc >&5
configure:3161: $? = 0
configure:3165: test -z 
			 || test ! -s conftest.err
configure:3168: $? = 0
configure:3171: test -s conftest.o
configure:3174: $? = 0
configure:3185: result: yes
configure:3227: g++ -c -g -O2  conftest.cc >&5
configure:3233: $? = 0
configure:3237: test -z 
			 || test ! -s conftest.err
configure:3240: $? = 0
configure:3243: test -s conftest.o
configure:3246: $? = 0
configure:3272: g++ -c -g -O2  conftest.cc >&5
conftest.cc: In function 'int main()':
conftest.cc:13: error: 'exit' was not declared in this scope
configure:3278: $? = 1
configure: failed program was:
| /* confdefs.h.  */
| 
| #define PACKAGE_NAME "fuse_dfs"
| #define PACKAGE_TARNAME "fuse_dfs"
| #define PACKAGE_VERSION "0.1.0"
| #define PACKAGE_STRING "fuse_dfs 0.1.0"
| #define PACKAGE_BUGREPORT ""
| /* end confdefs.h.  */
| 
| int
| main ()
| {
| exit (42);
|   ;
|   return 0;
| }
configure:3227: g++ -c -g -O2  conftest.cc >&5
configure:3233: $? = 0
configure:3237: test -z 
			 || test ! -s conftest.err
configure:3240: $? = 0
configure:3243: test -s conftest.o
configure:3246: $? = 0
configure:3272: g++ -c -g -O2  conftest.cc >&5
configure:3278: $? = 0
configure:3282: test -z 
			 || test ! -s conftest.err
configure:3285: $? = 0
configure:3288: test -s conftest.o
configure:3291: $? = 0
configure:3316: checking dependency style of g++
configure:3406: result: gcc3
configure:3464: checking for ranlib
configure:3480: found /usr/bin/ranlib
configure:3491: result: ranlib
configure:3507: checking for bash
configure:3537: result: /bin/sh
configure:3551: checking for perl
configure:3569: found /usr/bin/perl
configure:3581: result: /usr/bin/perl
configure:3595: checking for python
configure:3613: found /usr/bin/python
configure:3625: result: /usr/bin/python
configure:3639: checking for ar
configure:3657: found /usr/bin/ar
configure:3669: result: /usr/bin/ar
configure:3683: checking for ant
configure:3701: found /opt/cloudera/toolchain/Ant-1.8.1/bin/ant
configure:3713: result: /opt/cloudera/toolchain/Ant-1.8.1/bin/ant
configure:3753: checking how to run the C preprocessor
configure:3788: gcc -E  conftest.c
configure:3794: $? = 0
configure:3826: gcc -E  conftest.c
conftest.c:13:28: error: ac_nonexistent.h: No such file or directory
configure:3832: $? = 1
configure: failed program was:
| /* confdefs.h.  */
| 
| #define PACKAGE_NAME "fuse_dfs"
| #define PACKAGE_TARNAME "fuse_dfs"
| #define PACKAGE_VERSION "0.1.0"
| #define PACKAGE_STRING "fuse_dfs 0.1.0"
| #define PACKAGE_BUGREPORT ""
| #ifdef __cplusplus
| extern "C" void std::exit (int) throw (); using std::exit;
| #endif
| #define _GNU_SOURCE 1
| /* end confdefs.h.  */
| #include <ac_nonexistent.h>
configure:3871: result: gcc -E
configure:3895: gcc -E  conftest.c
configure:3901: $? = 0
configure:3933: gcc -E  conftest.c
conftest.c:13:28: error: ac_nonexistent.h: No such file or directory
configure:3939: $? = 1
configure: failed program was:
| /* confdefs.h.  */
| 
| #define PACKAGE_NAME "fuse_dfs"
| #define PACKAGE_TARNAME "fuse_dfs"
| #define PACKAGE_VERSION "0.1.0"
| #define PACKAGE_STRING "fuse_dfs 0.1.0"
| #define PACKAGE_BUGREPORT ""
| #ifdef __cplusplus
| extern "C" void std::exit (int) throw (); using std::exit;
| #endif
| #define _GNU_SOURCE 1
| /* end confdefs.h.  */
| #include <ac_nonexistent.h>
configure:3983: checking for egrep
configure:3993: result: grep -E
configure:3998: checking for uid_t in sys/types.h
configure:4021: result: yes
configure:4036: checking type of array argument to getgroups
configure:4074: gcc -o conftest -g -O2   conftest.c  >&5
conftest.c: In function 'main':
conftest.c:33: warning: incompatible implicit declaration of built-in function 'exit'
configure:4077: $? = 0
configure:4079: ./conftest
configure:4082: $? = 0
configure:4115: result: gid_t
configure:4123: checking for ANSI C header files
configure:4148: gcc -c -g -O2  conftest.c >&5
configure:4154: $? = 0
configure:4158: test -z 
			 || test ! -s conftest.err
configure:4161: $? = 0
configure:4164: test -s conftest.o
configure:4167: $? = 0
configure:4256: gcc -o conftest -g -O2   conftest.c  >&5
conftest.c: In function 'main':
conftest.c:31: warning: incompatible implicit declaration of built-in function 'exit'
configure:4259: $? = 0
configure:4261: ./conftest
configure:4264: $? = 0
configure:4279: result: yes
configure:4303: checking for sys/types.h
configure:4319: gcc -c -g -O2  conftest.c >&5
configure:4325: $? = 0
configure:4329: test -z 
			 || test ! -s conftest.err
configure:4332: $? = 0
configure:4335: test -s conftest.o
configure:4338: $? = 0
configure:4349: result: yes
configure:4303: checking for sys/stat.h
configure:4319: gcc -c -g -O2  conftest.c >&5
configure:4325: $? = 0
configure:4329: test -z 
			 || test ! -s conftest.err
configure:4332: $? = 0
configure:4335: test -s conftest.o
configure:4338: $? = 0
configure:4349: result: yes
configure:4303: checking for stdlib.h
configure:4319: gcc -c -g -O2  conftest.c >&5
configure:4325: $? = 0
configure:4329: test -z 
			 || test ! -s conftest.err
configure:4332: $? = 0
configure:4335: test -s conftest.o
configure:4338: $? = 0
configure:4349: result: yes
configure:4303: checking for string.h
configure:4319: gcc -c -g -O2  conftest.c >&5
configure:4325: $? = 0
configure:4329: test -z 
			 || test ! -s conftest.err
configure:4332: $? = 0
configure:4335: test -s conftest.o
configure:4338: $? = 0
configure:4349: result: yes
configure:4303: checking for memory.h
configure:4319: gcc -c -g -O2  conftest.c >&5
configure:4325: $? = 0
configure:4329: test -z 
			 || test ! -s conftest.err
configure:4332: $? = 0
configure:4335: test -s conftest.o
configure:4338: $? = 0
configure:4349: result: yes
configure:4303: checking for strings.h
configure:4319: gcc -c -g -O2  conftest.c >&5
configure:4325: $? = 0
configure:4329: test -z 
			 || test ! -s conftest.err
configure:4332: $? = 0
configure:4335: test -s conftest.o
configure:4338: $? = 0
configure:4349: result: yes
configure:4303: checking for inttypes.h
configure:4319: gcc -c -g -O2  conftest.c >&5
configure:4325: $? = 0
configure:4329: test -z 
			 || test ! -s conftest.err
configure:4332: $? = 0
configure:4335: test -s conftest.o
configure:4338: $? = 0
configure:4349: result: yes
configure:4303: checking for stdint.h
configure:4319: gcc -c -g -O2  conftest.c >&5
configure:4325: $? = 0
configure:4329: test -z 
			 || test ! -s conftest.err
configure:4332: $? = 0
configure:4335: test -s conftest.o
configure:4338: $? = 0
configure:4349: result: yes
configure:4303: checking for unistd.h
configure:4319: gcc -c -g -O2  conftest.c >&5
configure:4325: $? = 0
configure:4329: test -z 
			 || test ! -s conftest.err
configure:4332: $? = 0
configure:4335: test -s conftest.o
configure:4338: $? = 0
configure:4349: result: yes
configure:4361: checking for size_t
configure:4385: gcc -c -g -O2  conftest.c >&5
configure:4391: $? = 0
configure:4395: test -z 
			 || test ! -s conftest.err
configure:4398: $? = 0
configure:4401: test -s conftest.o
configure:4404: $? = 0
configure:4415: result: yes
configure:4427: checking for getgroups
configure:4484: gcc -o conftest -g -O2   conftest.c  >&5
configure:4490: $? = 0
configure:4494: test -z 
			 || test ! -s conftest.err
configure:4497: $? = 0
configure:4500: test -s conftest
configure:4503: $? = 0
configure:4515: result: yes
configure:4596: checking for working getgroups
configure:4621: gcc -o conftest -g -O2   conftest.c  >&5
configure:4624: $? = 0
configure:4626: ./conftest
configure:4629: $? = 0
configure:4644: result: yes
configure:4656: checking type of array argument to getgroups
configure:4735: result: gid_t
configure:4790: checking for gcc
configure:4816: result: gcc
configure:5060: checking for C compiler version
configure:5063: gcc --version </dev/null >&5
gcc (GCC) 4.1.2 20080704 (Red Hat 4.1.2-50)
Copyright (C) 2006 Free Software Foundation, Inc.
This is free software; see the source for copying conditions.  There is NO
warranty; not even for MERCHANTABILITY or FITNESS FOR A PARTICULAR PURPOSE.

configure:5066: $? = 0
configure:5068: gcc -v </dev/null >&5
Using built-in specs.
Target: x86_64-redhat-linux
Configured with: ../configure --prefix=/usr --mandir=/usr/share/man --infodir=/usr/share/info --enable-shared --enable-threads=posix --enable-checking=release --with-system-zlib --enable-__cxa_atexit --disable-libunwind-exceptions --enable-libgcj-multifile --enable-languages=c,c++,objc,obj-c++,java,fortran,ada --enable-java-awt=gtk --disable-dssi --disable-plugin --with-java-home=/usr/lib/jvm/java-1.4.2-gcj-1.4.2.0/jre --with-cpu=generic --host=x86_64-redhat-linux
Thread model: posix
gcc version 4.1.2 20080704 (Red Hat 4.1.2-50)
configure:5071: $? = 0
configure:5073: gcc -V </dev/null >&5
gcc: '-V' option must have argument
configure:5076: $? = 1
configure:5079: checking whether we are using the GNU C compiler
configure:5135: result: yes
configure:5141: checking whether gcc accepts -g
configure:5192: result: yes
configure:5209: checking for gcc option to accept ANSI C
configure:5316: result: none needed
configure:5334: gcc -c -g -O2  conftest.c >&5
conftest.c:2: error: expected '=', ',', ';', 'asm' or '__attribute__' before 'me'
configure:5340: $? = 1
configure: failed program was:
| #ifndef __cplusplus
|   choke me
| #endif
configure:5475: checking dependency style of gcc
configure:5565: result: gcc3
configure:5589: checking for special C compiler options needed for large files
configure:5688: result: no
configure:5694: checking for _FILE_OFFSET_BITS value needed for large files
configure:5725: gcc -c -g -O2  conftest.c >&5
configure:5731: $? = 0
configure:5735: test -z 
			 || test ! -s conftest.err
configure:5738: $? = 0
configure:5741: test -s conftest.o
configure:5744: $? = 0
configure:5809: result: no
configure:5819: checking for _LARGE_FILES value needed for large files
configure:5850: gcc -c -g -O2  conftest.c >&5
configure:5856: $? = 0
configure:5860: test -z 
			 || test ! -s conftest.err
configure:5863: $? = 0
configure:5866: test -s conftest.o
configure:5869: $? = 0
configure:5934: result: no
configure:5959: checking Checking EXTERNAL_PATH set to
configure:5991: result: /var/lib/jenkins/workspace/CDH3u3-RC-CentOS-Hadoop-Tarball/hadoop20/hadoop-0.20.2-cdh3u3/src/contrib/fuse-dfs
configure:6006: checking whether to enable optimized build
configure:6028: result: yes
configure:6057: checking whether to enable static mode
configure:6083: result: yes
configure:6299: creating ./config.status

## ---------------------- ##
## Running config.status. ##
## ---------------------- ##

This file was extended by fuse_dfs config.status 0.1.0, which was
generated by GNU Autoconf 2.59.  Invocation command line was

  CONFIG_FILES    = 
  CONFIG_HEADERS  = 
  CONFIG_LINKS    = 
  CONFIG_COMMANDS = 
  $ ./config.status 

on centos-slave01.sf.cloudera.com

config.status:723: creating Makefile
config.status:723: creating src/Makefile
config.status:906: executing depfiles commands

## ---------------- ##
## Cache variables. ##
## ---------------- ##

ac_cv_build=x86_64-unknown-linux-gnu
ac_cv_build_alias=x86_64-unknown-linux-gnu
ac_cv_c_compiler_gnu=yes
ac_cv_cxx_compiler_gnu=yes
ac_cv_env_CC_set=
ac_cv_env_CC_value=
ac_cv_env_CFLAGS_set=
ac_cv_env_CFLAGS_value=
ac_cv_env_CPPFLAGS_set=
ac_cv_env_CPPFLAGS_value=
ac_cv_env_CPP_set=
ac_cv_env_CPP_value=
ac_cv_env_CXXFLAGS_set=
ac_cv_env_CXXFLAGS_value=
ac_cv_env_CXX_set=
ac_cv_env_CXX_value=
ac_cv_env_LDFLAGS_set=
ac_cv_env_LDFLAGS_value=
ac_cv_env_build_alias_set=
ac_cv_env_build_alias_value=
ac_cv_env_host_alias_set=
ac_cv_env_host_alias_value=
ac_cv_env_target_alias_set=
ac_cv_env_target_alias_value=
ac_cv_exeext=
ac_cv_func_getgroups=yes
ac_cv_func_getgroups_works=yes
ac_cv_header_inttypes_h=yes
ac_cv_header_memory_h=yes
ac_cv_header_stdc=yes
ac_cv_header_stdint_h=yes
ac_cv_header_stdlib_h=yes
ac_cv_header_string_h=yes
ac_cv_header_strings_h=yes
ac_cv_header_sys_stat_h=yes
ac_cv_header_sys_types_h=yes
ac_cv_header_unistd_h=yes
ac_cv_host=x86_64-unknown-linux-gnu
ac_cv_host_alias=x86_64-unknown-linux-gnu
ac_cv_objext=o
ac_cv_path_ANT=/opt/cloudera/toolchain/Ant-1.8.1/bin/ant
ac_cv_path_AR=/usr/bin/ar
ac_cv_path_BASH=/bin/sh
ac_cv_path_PERL=/usr/bin/perl
ac_cv_path_PYTHON=/usr/bin/python
ac_cv_path_install='/usr/bin/install -c'
ac_cv_prog_AWK=gawk
ac_cv_prog_CPP='gcc -E'
ac_cv_prog_ac_ct_CC=gcc
ac_cv_prog_ac_ct_CXX=g++
ac_cv_prog_ac_ct_RANLIB=ranlib
ac_cv_prog_cc_g=yes
ac_cv_prog_cc_stdc=
ac_cv_prog_cxx_g=yes
ac_cv_prog_egrep='grep -E'
ac_cv_prog_make_make_set=yes
ac_cv_sys_file_offset_bits=no
ac_cv_sys_large_files=no
ac_cv_sys_largefile_CC=no
ac_cv_target=x86_64-unknown-linux-gnu
ac_cv_target_alias=x86_64-unknown-linux-gnu
ac_cv_type_getgroups=gid_t
ac_cv_type_size_t=yes
ac_cv_type_uid_t=yes
am_cv_CC_dependencies_compiler_type=gcc3
am_cv_CXX_dependencies_compiler_type=gcc3

## ----------------- ##
## Output variables. ##
## ----------------- ##

ACLOCAL='${SHELL} /var/lib/jenkins/workspace/CDH3u3-RC-CentOS-Hadoop-Tarball/hadoop20/hadoop-0.20.2-cdh3u3/src/contrib/fuse-dfs/missing --run aclocal-1.9'
AMDEPBACKSLASH='\'
AMDEP_FALSE='#'
AMDEP_TRUE=''
AMTAR='${SHELL} /var/lib/jenkins/workspace/CDH3u3-RC-CentOS-Hadoop-Tarball/hadoop20/hadoop-0.20.2-cdh3u3/src/contrib/fuse-dfs/missing --run tar'
ANT='/opt/cloudera/toolchain/Ant-1.8.1/bin/ant'
AR='/usr/bin/ar'
AUTOCONF='${SHELL} /var/lib/jenkins/workspace/CDH3u3-RC-CentOS-Hadoop-Tarball/hadoop20/hadoop-0.20.2-cdh3u3/src/contrib/fuse-dfs/missing --run autoconf'
AUTOHEADER='${SHELL} /var/lib/jenkins/workspace/CDH3u3-RC-CentOS-Hadoop-Tarball/hadoop20/hadoop-0.20.2-cdh3u3/src/contrib/fuse-dfs/missing --run autoheader'
AUTOMAKE='${SHELL} /var/lib/jenkins/workspace/CDH3u3-RC-CentOS-Hadoop-Tarball/hadoop20/hadoop-0.20.2-cdh3u3/src/contrib/fuse-dfs/missing --run automake-1.9'
AWK='gawk'
BASH='/bin/sh'
CC='gcc'
CCDEPMODE='depmode=gcc3'
CFLAGS='-Wall -O3'
CPP='gcc -E'
CPPFLAGS=''
CXX='g++'
CXXDEPMODE='depmode=gcc3'
CXXFLAGS='-Wall -O3'
CYGPATH_W='echo'
DEBUG_FALSE=''
DEBUG_TRUE='#'
DEFS='-DPACKAGE_NAME=\"fuse_dfs\" -DPACKAGE_TARNAME=\"fuse_dfs\" -DPACKAGE_VERSION=\"0.1.0\" -DPACKAGE_STRING=\"fuse_dfs\ 0.1.0\" -DPACKAGE_BUGREPORT=\"\" -D_GNU_SOURCE=1 -DGETGROUPS_T=gid_t -DSTDC_HEADERS=1 -DHAVE_SYS_TYPES_H=1 -DHAVE_SYS_STAT_H=1 -DHAVE_STDLIB_H=1 -DHAVE_STRING_H=1 -DHAVE_MEMORY_H=1 -DHAVE_STRINGS_H=1 -DHAVE_INTTYPES_H=1 -DHAVE_STDINT_H=1 -DHAVE_UNISTD_H=1 -DHAVE_GETGROUPS=1 -DGETGROUPS_T=gid_t '
DEPDIR='.deps'
ECHO_C=''
ECHO_N='-n'
ECHO_T=''
EGREP='grep -E'
EXEEXT=''
EXTERNAL_PATH='/var/lib/jenkins/workspace/CDH3u3-RC-CentOS-Hadoop-Tarball/hadoop20/hadoop-0.20.2-cdh3u3/src/contrib/fuse-dfs'
GLOBAL_FOOTER_MK='include /var/lib/jenkins/workspace/CDH3u3-RC-CentOS-Hadoop-Tarball/hadoop20/hadoop-0.20.2-cdh3u3/src/contrib/fuse-dfs/global_footer.mk'
GLOBAL_HEADER_MK='include /var/lib/jenkins/workspace/CDH3u3-RC-CentOS-Hadoop-Tarball/hadoop20/hadoop-0.20.2-cdh3u3/src/contrib/fuse-dfs/global_header.mk'
INSTALL_DATA='${INSTALL} -m 644'
INSTALL_PROGRAM='${INSTALL}'
INSTALL_SCRIPT='${INSTALL}'
INSTALL_STRIP_PROGRAM='${SHELL} $(install_sh) -c -s'
LDFLAGS=''
LIBOBJS=''
LIBS=''
LTLIBOBJS=''
LTYPE='.a'
MAKEINFO='${SHELL} /var/lib/jenkins/workspace/CDH3u3-RC-CentOS-Hadoop-Tarball/hadoop20/hadoop-0.20.2-cdh3u3/src/contrib/fuse-dfs/missing --run makeinfo'
OBJEXT='o'
OPT_FALSE='#'
OPT_TRUE=''
PACKAGE='fuse_dfs'
PACKAGE_BUGREPORT=''
PACKAGE_NAME='fuse_dfs'
PACKAGE_STRING='fuse_dfs 0.1.0'
PACKAGE_TARNAME='fuse_dfs'
PACKAGE_VERSION='0.1.0'
PATH_SEPARATOR=':'
PERL='/usr/bin/perl'
PRODUCT_MK=''
PYTHON='/usr/bin/python'
RANLIB='ranlib'
SET_MAKE=''
SHARED_CFLAGS=''
SHARED_CXXFLAGS=''
SHARED_FALSE=''
SHARED_LDFLAGS=''
SHARED_TRUE='#'
SHELL='/bin/sh'
STATIC_FALSE='#'
STATIC_TRUE=''
STRIP=''
VERSION='0.1.0'
ac_ct_CC='gcc'
ac_ct_CXX='g++'
ac_ct_RANLIB='ranlib'
ac_ct_STRIP=''
am__fastdepCC_FALSE='#'
am__fastdepCC_TRUE=''
am__fastdepCXX_FALSE='#'
am__fastdepCXX_TRUE=''
am__include='include'
am__leading_dot='.'
am__quote=''
am__tar='${AMTAR} chof - "$$tardir"'
am__untar='${AMTAR} xf -'
bindir='${exec_prefix}/bin'
build='x86_64-unknown-linux-gnu'
build_alias=''
build_cpu='x86_64'
build_os='linux-gnu'
build_vendor='unknown'
datadir='${prefix}/share'
exec_prefix='${prefix}'
host='x86_64-unknown-linux-gnu'
host_alias=''
host_cpu='x86_64'
host_os='linux-gnu'
host_vendor='unknown'
includedir='${prefix}/include'
infodir='${prefix}/info'
install_sh='/var/lib/jenkins/workspace/CDH3u3-RC-CentOS-Hadoop-Tarball/hadoop20/hadoop-0.20.2-cdh3u3/src/contrib/fuse-dfs/install-sh'
libdir='${exec_prefix}/lib'
libexecdir='${exec_prefix}/libexec'
localstatedir='${prefix}/var'
mandir='${prefix}/man'
mkdir_p='mkdir -p --'
oldincludedir='/usr/include'
prefix='/var/lib/jenkins/workspace/CDH3u3-RC-CentOS-Hadoop-Tarball/hadoop20/hadoop-0.20.2-cdh3u3/src/contrib/fuse-dfs'
program_transform_name='s,x,x,'
sbindir='${exec_prefix}/sbin'
sharedstatedir='${prefix}/com'
sysconfdir='${prefix}/etc'
target='x86_64-unknown-linux-gnu'
target_alias=''
target_cpu='x86_64'
target_os='linux-gnu'
target_vendor='unknown'

## ----------- ##
## confdefs.h. ##
## ----------- ##

#define GETGROUPS_T gid_t
#define GETGROUPS_T gid_t
#define HAVE_GETGROUPS 1
#define HAVE_INTTYPES_H 1
#define HAVE_MEMORY_H 1
#define HAVE_STDINT_H 1
#define HAVE_STDLIB_H 1
#define HAVE_STRINGS_H 1
#define HAVE_STRING_H 1
#define HAVE_SYS_STAT_H 1
#define HAVE_SYS_TYPES_H 1
#define HAVE_UNISTD_H 1
#define PACKAGE_BUGREPORT ""
#define PACKAGE_NAME "fuse_dfs"
#define PACKAGE_STRING "fuse_dfs 0.1.0"
#define PACKAGE_TARNAME "fuse_dfs"
#define PACKAGE_VERSION "0.1.0"
#define STDC_HEADERS 1
#define _GNU_SOURCE 1
#endif
#ifdef __cplusplus
extern "C" void std::exit (int) throw (); using std::exit;

configure: exit 0
